<?xml version="1.0" encoding="UTF-8"?>
<testng-results skipped="0" failed="0" ignored="0" total="1" passed="1">
  <reporter-output>
    <line>
      <![CDATA[<div "result">Volare Collector Home Page opens in browser (PASSED : 2s)</div>]]>
    </line>
    <line>
      <![CDATA[<div "result">I login to Volare Collector with Username and Password (PASSED : 4s)</div>]]>
    </line>
    <line>
      <![CDATA[<div "result">Page navigate to Volare Collector Home Page (PASSED : 0s)</div>]]>
    </line>
    <line>
      <![CDATA[<div "result">A user has login to Volare Collector (PASSED : 0s)</div>]]>
    </line>
    <line>
      <![CDATA[<div "result">Click logout button (PASSED : 0s)</div>]]>
    </line>
    <line>
      <![CDATA[<div "result">Logout from Volare Collector and redirect to login page (PASSED : 1s)</div>]]>
    </line>
  </reporter-output>
  <suite name="Default suite" duration-ms="17125" started-at="2018-04-13T03:33:02Z" finished-at="2018-04-13T03:33:19Z">
    <groups>
      <group name="cucumber">
        <method signature="TestRunner.feature(org.testng.ITestContext)[pri:0, instance:Runner.TestRunner@631330c]" name="feature" class="Runner.TestRunner"/>
      </group> <!-- cucumber -->
    </groups>
    <test name="Default test" duration-ms="17125" started-at="2018-04-13T03:33:02Z" finished-at="2018-04-13T03:33:19Z">
      <class name="Runner.TestRunner">
        <test-method status="PASS" signature="setUp()[pri:0, instance:Runner.TestRunner@631330c]" name="setUp" is-config="true" duration-ms="3148" started-at="2018-04-13T03:33:02Z" finished-at="2018-04-13T03:33:05Z">
          <reporter-output>
          </reporter-output>
        </test-method> <!-- setUp -->
        <test-method status="PASS" signature="feature(org.testng.ITestContext)[pri:0, instance:Runner.TestRunner@631330c]" name="feature" duration-ms="10871" started-at="2018-04-13T03:33:05Z" description="Runs Cucumber Feature" finished-at="2018-04-13T03:33:16Z">
          <params>
            <param index="0">
              <value>
                <![CDATA[org.testng.TestRunner@126945f9]]>
              </value>
            </param>
          </params>
          <reporter-output>
            <line>
              <![CDATA[<div "result">Volare Collector Home Page opens in browser (PASSED : 2s)</div>]]>
            </line>
            <line>
              <![CDATA[<div "result">I login to Volare Collector with Username and Password (PASSED : 4s)</div>]]>
            </line>
            <line>
              <![CDATA[<div "result">Page navigate to Volare Collector Home Page (PASSED : 0s)</div>]]>
            </line>
            <line>
              <![CDATA[<div "result">A user has login to Volare Collector (PASSED : 0s)</div>]]>
            </line>
            <line>
              <![CDATA[<div "result">Click logout button (PASSED : 0s)</div>]]>
            </line>
            <line>
              <![CDATA[<div "result">Logout from Volare Collector and redirect to login page (PASSED : 1s)</div>]]>
            </line>
          </reporter-output>
        </test-method> <!-- feature -->
        <test-method status="PASS" signature="tearDown()[pri:0, instance:Runner.TestRunner@631330c]" name="tearDown" is-config="true" duration-ms="3088" started-at="2018-04-13T03:33:16Z" finished-at="2018-04-13T03:33:19Z">
          <reporter-output>
          </reporter-output>
        </test-method> <!-- tearDown -->
      </class> <!-- Runner.TestRunner -->
    </test> <!-- Default test -->
  </suite> <!-- Default suite -->
</testng-results>
